<?xml version="1.0" encoding="UTF-8"?>
<!-- Generated by org.testng.reporters.JUnitReportReporter -->
<testsuite skipped="0" hostname="L079322" name="restAssauredFramework.TwitterAPI" tests="3" failures="0" timestamp="07 May 2018 11:54:21 GMT" time="13.433" errors="0">
  <testcase name="agetTweet" time="6.191" classname="restAssauredFramework.TwitterAPI"/>
  <testcase name="cdeleteTweet" time="5.964" classname="restAssauredFramework.TwitterAPI"/>
  <testcase name="bpostTweet" time="1.278" classname="restAssauredFramework.TwitterAPI"/>
</testsuite> <!-- restAssauredFramework.TwitterAPI -->
